********************************************************************************
DUPLICATOR-LITE PACKAGE-LOG: February 17, 2021 6:02 am
NOTICE: Do NOT post to public sites or forums 
********************************************************************************
VERSION:	1.3.40.1
WORDPRESS:	5.6.1
PHP INFO:	7.2.33 | SAPI: apache2handler
SERVER:		Apache/2.4.46 (Win64) OpenSSL/1.1.1g PHP/7.2.33 
PHP TIME LIMIT: (0) no time limit imposed 
PHP MAX MEMORY: 4294967296 (512M default) 
MEMORY STACK: 6MB

********************************************************************************
DATABASE:
********************************************************************************
BUILD MODE:   MYSQLDUMP
MYSQLTIMEOUT: 5000
MYSQLDUMP:    Is Supported
SQL CREATED: 20210217_wlfoods_8805b77d35262f213571_20210217060147_database.sql
SQL FILE SIZE: 705.8KB (722744)
SQL FILE TIME: 2021-02-17 06:02:02
SQL RUNTIME: 2.74 sec.

********************************************************************************
ARCHIVE (ZIP):
********************************************************************************
ARCHIVE DIR:  C:/xampp/htdocs/WLFOODS
ARCHIVE FILE: 20210217_wlfoods_8805b77d35262f213571_20210217060147_archive.zip
FILTERS: *OFF*
DIRS:
	not set
FILES:
	not set
EXTS:  not set
----------------------------------------
COMPRESSING
SIZE:	73.64MB
STATS:	Dirs 645 | Files 3,459
SQL ADDED: 20210217_wlfoods_8805b77d35262f213571_20210217060147_database.sql
ZipArchive Object
(
    [status] => 0
    [statusSys] => 0
    [numFiles] => 4104
    [filename] => C:\xampp\htdocs\WLFOODS\wp-content\backups-dup-lite\tmp\20210217_wlfoods_8805b77d35262f213571_20210217060147_archive.zip
    [comment] => 
)

FILE ADDED TO ZIP: 4103
COMPRESSION RESULT: '1'
COMPRESSED SIZE: 27.83MB
ARCHIVE RUNTIME: 8.80 sec.
MEMORY STACK: 8MB
building installer
add_extra_files1
add_extra_files2
add_extra_files3
add_extra_files4
Doing archive file check
add_extra_files5
add_extra_files6
add_extra_files8
Successfully opened zip C:/xampp/htdocs/WLFOODS/wp-content/backups-dup-lite/tmp/20210217_wlfoods_8805b77d35262f213571_20210217060147_archive.zip
Adding enhanced installer files to archive using ZipArchive
Installer files added to archive
Added to archive
After ziparchive close when adding installer

********************************************************************************
INTEGRITY CHECKS:
********************************************************************************
SQL FILE: 705.8KB
INSTALLER FILE: 61.29KB
ARCHIVE FILE: 29.32MB 
EXPECTED FILE/DIRECTORY COUNT: 4,104
ACTUAL FILE/DIRECTORY COUNT: 4,103
ARCHIVE CONSISTENCY TEST: Pass

********************************************************************************
RECORD ID:[1]
TOTAL PROCESS RUNTIME: 12.45 sec.
PEAK PHP MEMORY USED: 8MB
DONE PROCESSING => 20210217_wlfoods February 17, 2021 6:02 am

